
> sports-rag-chatbot-frontend@0.1.0 dev
> next dev --hostname 127.0.0.1 --port 3000

  ▲ Next.js 14.2.4
  - Local:        http://127.0.0.1:3000
  - Network:      http://127.0.0.1:3000

 ✓ Starting...
 ✓ Ready in 29.9s
 ○ Compiling / ...
 ✓ Compiled / in 23.3s (469 modules)
 HEAD / 200 in 1750ms
 GET / 200 in 1468ms
 GET / 200 in 53ms
 ✓ Compiled in 15.7s (469 modules)
 ✓ Compiled /_not-found in 472ms (458 modules)
 GET /_next/static/css/app/layout.css?v=1777102976881 404 in 769ms
 ✓ Compiled in 1843ms (469 modules)
 ○ Compiling /_not-found ...
 ✓ Compiled /_not-found in 881ms (458 modules)
 ○ Compiling /_error ...
 ✓ Compiled /_error in 8.9s (696 modules)
 GET /_next/static/css/app/layout.css?v=1777104912169 500 in 15866ms
 GET /_next/static/css/app/layout.css?v=1777104930029 500 in 424ms
 GET / 200 in 487ms
