 ⨯ Error: Cannot find module './819.js'
Require stack:
- C:\Users\遠藤義之\Documents\ポートフォリオ\格安RAG\rag-chatbot\frontend\.next\server\webpack-runtime.js
- C:\Users\遠藤義之\Documents\ポートフォリオ\格安RAG\rag-chatbot\frontend\.next\server\app\_not-found\page.js
- C:\Users\遠藤義之\Documents\ポートフォリオ\格安RAG\rag-chatbot\frontend\node_modules\next\dist\server\require.js
- C:\Users\遠藤義之\Documents\ポートフォリオ\格安RAG\rag-chatbot\frontend\node_modules\next\dist\server\load-components.js
- C:\Users\遠藤義之\Documents\ポートフォリオ\格安RAG\rag-chatbot\frontend\node_modules\next\dist\build\utils.js
- C:\Users\遠藤義之\Documents\ポートフォリオ\格安RAG\rag-chatbot\frontend\node_modules\next\dist\server\dev\hot-middleware.js
- C:\Users\遠藤義之\Documents\ポートフォリオ\格安RAG\rag-chatbot\frontend\node_modules\next\dist\server\dev\hot-reloader-webpack.js
- C:\Users\遠藤義之\Documents\ポートフォリオ\格安RAG\rag-chatbot\frontend\node_modules\next\dist\server\lib\router-utils\setup-dev-bundler.js
- C:\Users\遠藤義之\Documents\ポートフォリオ\格安RAG\rag-chatbot\frontend\node_modules\next\dist\server\lib\router-server.js
- C:\Users\遠藤義之\Documents\ポートフォリオ\格安RAG\rag-chatbot\frontend\node_modules\next\dist\server\lib\start-server.js
    at Module.<anonymous> (node:internal/modules/cjs/loader:1421:15)
    at C:\Users\遠藤義之\Documents\ポートフォリオ\格安RAG\rag-chatbot\frontend\node_modules\next\dist\server\require-hook.js:55:36
    at defaultResolveImpl (node:internal/modules/cjs/loader:1059:19)
    at resolveForCJSWithHooks (node:internal/modules/cjs/loader:1064:22)
    at Module._load (node:internal/modules/cjs/loader:1227:37)
    at TracingChannel.traceSync (node:diagnostics_channel:328:14)
    at wrapModuleLoad (node:internal/modules/cjs/loader:245:24)
    at Module.<anonymous> (node:internal/modules/cjs/loader:1504:12)
    at mod.require (C:\Users\遠藤義之\Documents\ポートフォリオ\格安RAG\rag-chatbot\frontend\node_modules\next\dist\server\require-hook.js:65:28)
    at require (node:internal/modules/helpers:152:16)
    at __webpack_require__.f.require (C:\Users\遠藤義之\Documents\ポートフォリオ\格安RAG\rag-chatbot\frontend\.next\server\webpack-runtime.js:198:28)
    at C:\Users\遠藤義之\Documents\ポートフォリオ\格安RAG\rag-chatbot\frontend\.next\server\webpack-runtime.js:111:40
    at Array.reduce (<anonymous>)
    at __webpack_require__.e (C:\Users\遠藤義之\Documents\ポートフォリオ\格安RAG\rag-chatbot\frontend\.next\server\webpack-runtime.js:110:67)
    at Array.map (<anonymous>)
    at __webpack_require__.X (C:\Users\遠藤義之\Documents\ポートフォリオ\格安RAG\rag-chatbot\frontend\.next\server\webpack-runtime.js:162:22)
    at C:\Users\遠藤義之\Documents\ポートフォリオ\格安RAG\rag-chatbot\frontend\.next\server\app\_not-found\page.js:1:3619
    at Object.<anonymous> (C:\Users\遠藤義之\Documents\ポートフォリオ\格安RAG\rag-chatbot\frontend\.next\server\app\_not-found\page.js:1:3660)
    at Module._compile (node:internal/modules/cjs/loader:1761:14)
    at Object..js (node:internal/modules/cjs/loader:1893:10)
    at Module.load (node:internal/modules/cjs/loader:1481:32)
    at Module._load (node:internal/modules/cjs/loader:1300:12)
    at TracingChannel.traceSync (node:diagnostics_channel:328:14)
    at wrapModuleLoad (node:internal/modules/cjs/loader:245:24)
    at Module.<anonymous> (node:internal/modules/cjs/loader:1504:12)
    at mod.require (C:\Users\遠藤義之\Documents\ポートフォリオ\格安RAG\rag-chatbot\frontend\node_modules\next\dist\server\require-hook.js:65:28)
    at require (node:internal/modules/helpers:152:16)
    at requirePage (C:\Users\遠藤義之\Documents\ポートフォリオ\格安RAG\rag-chatbot\frontend\node_modules\next\dist\server\require.js:109:84)
    at C:\Users\遠藤義之\Documents\ポートフォリオ\格安RAG\rag-chatbot\frontend\node_modules\next\dist\server\load-components.js:98:84
    at async loadComponentsImpl (C:\Users\遠藤義之\Documents\ポートフォリオ\格安RAG\rag-chatbot\frontend\node_modules\next\dist\server\load-components.js:98:26)
    at async DevServer.findPageComponentsImpl (C:\Users\遠藤義之\Documents\ポートフォリオ\格安RAG\rag-chatbot\frontend\node_modules\next\dist\server\next-server.js:710:36)
    at async DevServer.findPageComponents (C:\Users\遠藤義之\Documents\ポートフォリオ\格安RAG\rag-chatbot\frontend\node_modules\next\dist\server\dev\next-dev-server.js:577:20)
    at async DevServer.renderErrorToResponseImpl (C:\Users\遠藤義之\Documents\ポートフォリオ\格安RAG\rag-chatbot\frontend\node_modules\next\dist\server\base-server.js:2097:30)
    at async pipe.req.req (C:\Users\遠藤義之\Documents\ポートフォリオ\格安RAG\rag-chatbot\frontend\node_modules\next\dist\server\base-server.js:2063:30)
    at async DevServer.pipeImpl (C:\Users\遠藤義之\Documents\ポートフォリオ\格安RAG\rag-chatbot\frontend\node_modules\next\dist\server\base-server.js:920:25)
    at async C:\Users\遠藤義之\Documents\ポートフォリオ\格安RAG\rag-chatbot\frontend\node_modules\next\dist\server\dev\next-dev-server.js:339:20
    at async Span.traceAsyncFn (C:\Users\遠藤義之\Documents\ポートフォリオ\格安RAG\rag-chatbot\frontend\node_modules\next\dist\trace\trace.js:154:20)
    at async DevServer.handleRequest (C:\Users\遠藤義之\Documents\ポートフォリオ\格安RAG\rag-chatbot\frontend\node_modules\next\dist\server\dev\next-dev-server.js:336:24)
    at async invokeRender (C:\Users\遠藤義之\Documents\ポートフォリオ\格安RAG\rag-chatbot\frontend\node_modules\next\dist\server\lib\router-server.js:174:21)
    at async handleRequest (C:\Users\遠藤義之\Documents\ポートフォリオ\格安RAG\rag-chatbot\frontend\node_modules\next\dist\server\lib\router-server.js:368:24)
    at async requestHandlerImpl (C:\Users\遠藤義之\Documents\ポートフォリオ\格安RAG\rag-chatbot\frontend\node_modules\next\dist\server\lib\router-server.js:377:13)
    at async Server.requestListener (C:\Users\遠藤義之\Documents\ポートフォリオ\格安RAG\rag-chatbot\frontend\node_modules\next\dist\server\lib\start-server.js:141:13) {
  code: 'MODULE_NOT_FOUND',
  requireStack: [
    'C:\\Users\\遠藤義之\\Documents\\ポートフォリオ\\格安RAG\\rag-chatbot\\frontend\\.next\\server\\webpack-runtime.js',
    'C:\\Users\\遠藤義之\\Documents\\ポートフォリオ\\格安RAG\\rag-chatbot\\frontend\\.next\\server\\app\\_not-found\\page.js',
    'C:\\Users\\遠藤義之\\Documents\\ポートフォリオ\\格安RAG\\rag-chatbot\\frontend\\node_modules\\next\\dist\\server\\require.js',
    'C:\\Users\\遠藤義之\\Documents\\ポートフォリオ\\格安RAG\\rag-chatbot\\frontend\\node_modules\\next\\dist\\server\\load-components.js',
    'C:\\Users\\遠藤義之\\Documents\\ポートフォリオ\\格安RAG\\rag-chatbot\\frontend\\node_modules\\next\\dist\\build\\utils.js',
    'C:\\Users\\遠藤義之\\Documents\\ポートフォリオ\\格安RAG\\rag-chatbot\\frontend\\node_modules\\next\\dist\\server\\dev\\hot-middleware.js',
    'C:\\Users\\遠藤義之\\Documents\\ポートフォリオ\\格安RAG\\rag-chatbot\\frontend\\node_modules\\next\\dist\\server\\dev\\hot-reloader-webpack.js',
    'C:\\Users\\遠藤義之\\Documents\\ポートフォリオ\\格安RAG\\rag-chatbot\\frontend\\node_modules\\next\\dist\\server\\lib\\router-utils\\setup-dev-bundler.js',
    'C:\\Users\\遠藤義之\\Documents\\ポートフォリオ\\格安RAG\\rag-chatbot\\frontend\\node_modules\\next\\dist\\server\\lib\\router-server.js',
    'C:\\Users\\遠藤義之\\Documents\\ポートフォリオ\\格安RAG\\rag-chatbot\\frontend\\node_modules\\next\\dist\\server\\lib\\start-server.js'
  ]
}
 ⨯ Error: Cannot find module './819.js'
Require stack:
- C:\Users\遠藤義之\Documents\ポートフォリオ\格安RAG\rag-chatbot\frontend\.next\server\webpack-runtime.js
- C:\Users\遠藤義之\Documents\ポートフォリオ\格安RAG\rag-chatbot\frontend\.next\server\app\page.js
- C:\Users\遠藤義之\Documents\ポートフォリオ\格安RAG\rag-chatbot\frontend\node_modules\next\dist\server\require.js
- C:\Users\遠藤義之\Documents\ポートフォリオ\格安RAG\rag-chatbot\frontend\node_modules\next\dist\server\load-components.js
- C:\Users\遠藤義之\Documents\ポートフォリオ\格安RAG\rag-chatbot\frontend\node_modules\next\dist\build\utils.js
- C:\Users\遠藤義之\Documents\ポートフォリオ\格安RAG\rag-chatbot\frontend\node_modules\next\dist\server\dev\hot-middleware.js
- C:\Users\遠藤義之\Documents\ポートフォリオ\格安RAG\rag-chatbot\frontend\node_modules\next\dist\server\dev\hot-reloader-webpack.js
- C:\Users\遠藤義之\Documents\ポートフォリオ\格安RAG\rag-chatbot\frontend\node_modules\next\dist\server\lib\router-utils\setup-dev-bundler.js
- C:\Users\遠藤義之\Documents\ポートフォリオ\格安RAG\rag-chatbot\frontend\node_modules\next\dist\server\lib\router-server.js
- C:\Users\遠藤義之\Documents\ポートフォリオ\格安RAG\rag-chatbot\frontend\node_modules\next\dist\server\lib\start-server.js
    at Module.<anonymous> (node:internal/modules/cjs/loader:1421:15)
    at C:\Users\遠藤義之\Documents\ポートフォリオ\格安RAG\rag-chatbot\frontend\node_modules\next\dist\server\require-hook.js:55:36
    at defaultResolveImpl (node:internal/modules/cjs/loader:1059:19)
    at resolveForCJSWithHooks (node:internal/modules/cjs/loader:1064:22)
    at Module._load (node:internal/modules/cjs/loader:1227:37)
    at TracingChannel.traceSync (node:diagnostics_channel:328:14)
    at wrapModuleLoad (node:internal/modules/cjs/loader:245:24)
    at Module.<anonymous> (node:internal/modules/cjs/loader:1504:12)
    at mod.require (C:\Users\遠藤義之\Documents\ポートフォリオ\格安RAG\rag-chatbot\frontend\node_modules\next\dist\server\require-hook.js:65:28)
    at require (node:internal/modules/helpers:152:16)
    at __webpack_require__.f.require (C:\Users\遠藤義之\Documents\ポートフォリオ\格安RAG\rag-chatbot\frontend\.next\server\webpack-runtime.js:198:28)
    at C:\Users\遠藤義之\Documents\ポートフォリオ\格安RAG\rag-chatbot\frontend\.next\server\webpack-runtime.js:111:40
    at Array.reduce (<anonymous>)
    at __webpack_require__.e (C:\Users\遠藤義之\Documents\ポートフォリオ\格安RAG\rag-chatbot\frontend\.next\server\webpack-runtime.js:110:67)
    at Array.map (<anonymous>)
    at __webpack_require__.X (C:\Users\遠藤義之\Documents\ポートフォリオ\格安RAG\rag-chatbot\frontend\.next\server\webpack-runtime.js:162:22)
    at C:\Users\遠藤義之\Documents\ポートフォリオ\格安RAG\rag-chatbot\frontend\.next\server\app\_not-found\page.js:1:3619
    at Object.<anonymous> (C:\Users\遠藤義之\Documents\ポートフォリオ\格安RAG\rag-chatbot\frontend\.next\server\app\_not-found\page.js:1:3660)
    at Module._compile (node:internal/modules/cjs/loader:1761:14)
    at Object..js (node:internal/modules/cjs/loader:1893:10)
    at Module.load (node:internal/modules/cjs/loader:1481:32)
    at Module._load (node:internal/modules/cjs/loader:1300:12)
    at TracingChannel.traceSync (node:diagnostics_channel:328:14)
    at wrapModuleLoad (node:internal/modules/cjs/loader:245:24)
    at Module.<anonymous> (node:internal/modules/cjs/loader:1504:12)
    at mod.require (C:\Users\遠藤義之\Documents\ポートフォリオ\格安RAG\rag-chatbot\frontend\node_modules\next\dist\server\require-hook.js:65:28)
    at require (node:internal/modules/helpers:152:16)
    at requirePage (C:\Users\遠藤義之\Documents\ポートフォリオ\格安RAG\rag-chatbot\frontend\node_modules\next\dist\server\require.js:109:84)
    at C:\Users\遠藤義之\Documents\ポートフォリオ\格安RAG\rag-chatbot\frontend\node_modules\next\dist\server\load-components.js:98:84
    at async loadComponentsImpl (C:\Users\遠藤義之\Documents\ポートフォリオ\格安RAG\rag-chatbot\frontend\node_modules\next\dist\server\load-components.js:98:26)
    at async DevServer.findPageComponentsImpl (C:\Users\遠藤義之\Documents\ポートフォリオ\格安RAG\rag-chatbot\frontend\node_modules\next\dist\server\next-server.js:710:36)
    at async DevServer.findPageComponents (C:\Users\遠藤義之\Documents\ポートフォリオ\格安RAG\rag-chatbot\frontend\node_modules\next\dist\server\dev\next-dev-server.js:577:20)
    at async DevServer.renderErrorToResponseImpl (C:\Users\遠藤義之\Documents\ポートフォリオ\格安RAG\rag-chatbot\frontend\node_modules\next\dist\server\base-server.js:2097:30)
    at async pipe.req.req (C:\Users\遠藤義之\Documents\ポートフォリオ\格安RAG\rag-chatbot\frontend\node_modules\next\dist\server\base-server.js:2063:30)
    at async DevServer.pipeImpl (C:\Users\遠藤義之\Documents\ポートフォリオ\格安RAG\rag-chatbot\frontend\node_modules\next\dist\server\base-server.js:920:25)
    at async C:\Users\遠藤義之\Documents\ポートフォリオ\格安RAG\rag-chatbot\frontend\node_modules\next\dist\server\dev\next-dev-server.js:339:20
    at async Span.traceAsyncFn (C:\Users\遠藤義之\Documents\ポートフォリオ\格安RAG\rag-chatbot\frontend\node_modules\next\dist\trace\trace.js:154:20)
    at async DevServer.handleRequest (C:\Users\遠藤義之\Documents\ポートフォリオ\格安RAG\rag-chatbot\frontend\node_modules\next\dist\server\dev\next-dev-server.js:336:24)
    at async invokeRender (C:\Users\遠藤義之\Documents\ポートフォリオ\格安RAG\rag-chatbot\frontend\node_modules\next\dist\server\lib\router-server.js:174:21)
    at async handleRequest (C:\Users\遠藤義之\Documents\ポートフォリオ\格安RAG\rag-chatbot\frontend\node_modules\next\dist\server\lib\router-server.js:368:24)
    at async requestHandlerImpl (C:\Users\遠藤義之\Documents\ポートフォリオ\格安RAG\rag-chatbot\frontend\node_modules\next\dist\server\lib\router-server.js:377:13)
    at async Server.requestListener (C:\Users\遠藤義之\Documents\ポートフォリオ\格安RAG\rag-chatbot\frontend\node_modules\next\dist\server\lib\start-server.js:141:13) {
  code: 'MODULE_NOT_FOUND',
  requireStack: [
    'C:\\Users\\遠藤義之\\Documents\\ポートフォリオ\\格安RAG\\rag-chatbot\\frontend\\.next\\server\\webpack-runtime.js',
    'C:\\Users\\遠藤義之\\Documents\\ポートフォリオ\\格安RAG\\rag-chatbot\\frontend\\.next\\server\\app\\page.js',
    'C:\\Users\\遠藤義之\\Documents\\ポートフォリオ\\格安RAG\\rag-chatbot\\frontend\\node_modules\\next\\dist\\server\\require.js',
    'C:\\Users\\遠藤義之\\Documents\\ポートフォリオ\\格安RAG\\rag-chatbot\\frontend\\node_modules\\next\\dist\\server\\load-components.js',
    'C:\\Users\\遠藤義之\\Documents\\ポートフォリオ\\格安RAG\\rag-chatbot\\frontend\\node_modules\\next\\dist\\build\\utils.js',
    'C:\\Users\\遠藤義之\\Documents\\ポートフォリオ\\格安RAG\\rag-chatbot\\frontend\\node_modules\\next\\dist\\server\\dev\\hot-middleware.js',
    'C:\\Users\\遠藤義之\\Documents\\ポートフォリオ\\格安RAG\\rag-chatbot\\frontend\\node_modules\\next\\dist\\server\\dev\\hot-reloader-webpack.js',
    'C:\\Users\\遠藤義之\\Documents\\ポートフォリオ\\格安RAG\\rag-chatbot\\frontend\\node_modules\\next\\dist\\server\\lib\\router-utils\\setup-dev-bundler.js',
    'C:\\Users\\遠藤義之\\Documents\\ポートフォリオ\\格安RAG\\rag-chatbot\\frontend\\node_modules\\next\\dist\\server\\lib\\router-server.js',
    'C:\\Users\\遠藤義之\\Documents\\ポートフォリオ\\格安RAG\\rag-chatbot\\frontend\\node_modules\\next\\dist\\server\\lib\\start-server.js'
  ]
}
